生成启动时间为 2016/5/5 10:16:43。
     1>项目“E:\AI_Projects\FaceRecognicer_BP2\FaceRecognicer_BP\FaceRecognicer_BP.vcxproj”在节点 2 上(Rebuild 个目标)。
     1>CustomBuild:
         Moc'ing facerecognicer_bp.h...
         Uic'ing facerecognicer_bp.ui...
         Rcc'ing facerecognicer_bp.qrc...
     1>RCC : warning : No resources in 'E:\AI_Projects\FaceRecognicer_BP2\FaceRecognicer_BP\facerecognicer_bp.qrc'.
         
       ClCompile:
         D:\Microsoft Visual Studio 11.0\VC\bin\CL.exe /c /I.\GeneratedFiles /I. /ID:\QT\Qt5.2.0\5.2.0\msvc2012\include /I.\GeneratedFiles\Debug /ID:\QT\Qt5.2.0\5.2.0\msvc2012\include\QtCore /ID:\QT\Qt5.2.0\5.2.0\msvc2012\include\QtGui /ID:\QT\Qt5.2.0\5.2.0\msvc2012\include\QtWidgets /Zi /nologo /W1 /WX- /Od /Oy- /D UNICODE /D WIN32 /D WIN64 /D QT_DLL /D QT_CORE_LIB /D QT_GUI_LIB /D QT_WIDGETS_LIB /Gm- /EHsc /MDd /GS /fp:precise /Zc:wchar_t- /Zc:forScope /Fo"Debug\\" /Fd"Debug\vc110.pdb" /Gd /TP /analyze- /errorReport:prompt facerecognicer_bp.cpp GeneratedFiles\Debug\moc_facerecognicer_bp.cpp main.cpp Net.cpp
         facerecognicer_bp.cpp
         moc_facerecognicer_bp.cpp
         main.cpp
         Net.cpp
         正在生成代码...
         D:\Microsoft Visual Studio 11.0\VC\bin\CL.exe /c /I.\GeneratedFiles /I. /ID:\QT\Qt5.2.0\5.2.0\msvc2012\include /I.\GeneratedFiles\Debug /ID:\QT\Qt5.2.0\5.2.0\msvc2012\include\QtCore /ID:\QT\Qt5.2.0\5.2.0\msvc2012\include\QtGui /ID:\QT\Qt5.2.0\5.2.0\msvc2012\include\QtWidgets /Zi /nologo /W1 /WX- /Od /Oy- /D UNICODE /D WIN32 /D WIN64 /D QT_DLL /D QT_CORE_LIB /D QT_GUI_LIB /D QT_WIDGETS_LIB /Gm- /EHsc /MDd /GS /fp:precise /Zc:wchar_t- /Zc:forScope /Fo"Debug\\" /Fd"Debug\vc110.pdb" /Gd /TP /analyze- /errorReport:prompt GeneratedFiles\qrc_facerecognicer_bp.cpp
         qrc_facerecognicer_bp.cpp
       Link:
         D:\Microsoft Visual Studio 11.0\VC\bin\link.exe /ERRORREPORT:PROMPT /OUT:"E:\AI_Projects\FaceRecognicer_BP2\Win32\Debug\\FaceRecognicer_BP.exe" /NOLOGO /LIBPATH:D:\QT\Qt5.2.0\5.2.0\msvc2012\lib qtmaind.lib Qt5Cored.lib Qt5Guid.lib Qt5Widgetsd.lib opencv_ml2410d.lib opencv_calib3d2410d.lib opencv_contrib2410d.lib opencv_core2410d.lib opencv_features2d2410d.lib opencv_flann2410d.lib opencv_gpu2410d.lib opencv_highgui2410d.lib opencv_imgproc2410d.lib opencv_legacy2410d.lib opencv_objdetect2410d.lib opencv_ts2410d.lib opencv_video2410d.lib opencv_nonfree2410d.lib opencv_ocl2410d.lib opencv_photo2410d.lib opencv_stitching2410d.lib opencv_superres2410d.lib opencv_videostab2410d.lib opencv_objdetect2410.lib opencv_ts2410.lib opencv_video2410.lib opencv_nonfree2410.lib opencv_ocl2410.lib opencv_photo2410.lib opencv_stitching2410.lib opencv_superres2410.lib opencv_videostab2410.lib opencv_calib3d2410.lib opencv_contrib2410.lib opencv_core2410.lib opencv_features2d2410.lib opencv_flann2410.lib opencv_gpu2410.lib opencv_highgui2410.lib opencv_imgproc2410.lib opencv_legacy2410.lib opencv_ml2410.lib kernel32.lib user32.lib gdi32.lib winspool.lib comdlg32.lib advapi32.lib shell32.lib ole32.lib oleaut32.lib uuid.lib odbc32.lib odbccp32.lib /MANIFEST /MANIFESTUAC:"level='asInvoker' uiAccess='false'" /manifest:embed /DEBUG /PDB:"E:\AI_Projects\FaceRecognicer_BP2\Win32\Debug\FaceRecognicer_BP.pdb" /SUBSYSTEM:WINDOWS /TLBID:1 /DYNAMICBASE /NXCOMPAT /IMPLIB:"E:\AI_Projects\FaceRecognicer_BP2\Win32\Debug\FaceRecognicer_BP.lib" /MACHINE:X86 /SAFESEH Debug\facerecognicer_bp.obj
         Debug\moc_facerecognicer_bp.obj
         Debug\qrc_facerecognicer_bp.obj
         Debug\main.obj
         Debug\Net.obj
         FaceRecognicer_BP.vcxproj -> E:\AI_Projects\FaceRecognicer_BP2\Win32\Debug\FaceRecognicer_BP.exe
     1>已完成生成项目“E:\AI_Projects\FaceRecognicer_BP2\FaceRecognicer_BP\FaceRecognicer_BP.vcxproj”(Rebuild 个目标)的操作。

生成成功。

已用时间 00:00:06.38
