E:\AI_PROJECTS\FACERECOGNICER_BP2\FACERECOGNICER_BP\DEBUG\NET.OBJ
E:\AI_PROJECTS\FACERECOGNICER_BP2\FACERECOGNICER_BP\DEBUG\MAIN.OBJ
E:\AI_PROJECTS\FACERECOGNICER_BP2\FACERECOGNICER_BP\DEBUG\MOC_FACERECOGNICER_BP.OBJ
E:\AI_PROJECTS\FACERECOGNICER_BP2\FACERECOGNICER_BP\DEBUG\FACERECOGNICER_BP.OBJ
E:\AI_PROJECTS\FACERECOGNICER_BP2\FACERECOGNICER_BP\DEBUG\VC110.PDB
E:\AI_PROJECTS\FACERECOGNICER_BP2\FACERECOGNICER_BP\DEBUG\QRC_FACERECOGNICER_BP.OBJ
E:\AI_PROJECTS\FACERECOGNICER_BP2\FACERECOGNICER_BP\GENERATEDFILES\DEBUG\MOC_FACERECOGNICER_BP.CPP
E:\AI_PROJECTS\FACERECOGNICER_BP2\FACERECOGNICER_BP\GENERATEDFILES\UI_FACERECOGNICER_BP.H
E:\AI_PROJECTS\FACERECOGNICER_BP2\FACERECOGNICER_BP\GENERATEDFILES\QRC_FACERECOGNICER_BP.CPP
E:\AI_PROJECTS\FACERECOGNICER_BP2\WIN32\DEBUG\FACERECOGNICER_BP.ILK
E:\AI_PROJECTS\FACERECOGNICER_BP2\WIN32\DEBUG\FACERECOGNICER_BP.EXE
E:\AI_PROJECTS\FACERECOGNICER_BP2\WIN32\DEBUG\FACERECOGNICER_BP.PDB
E:\AI_Projects\FaceRecognicer_BP2\FaceRecognicer_BP\Debug\facerecognicer_bp.obj
E:\AI_Projects\FaceRecognicer_BP2\FaceRecognicer_BP\Debug\main.obj
E:\AI_Projects\FaceRecognicer_BP2\FaceRecognicer_BP\Debug\moc_facerecognicer_bp.obj
E:\AI_Projects\FaceRecognicer_BP2\FaceRecognicer_BP\Debug\Net.obj
E:\AI_Projects\FaceRecognicer_BP2\FaceRecognicer_BP\Debug\qrc_facerecognicer_bp.obj
E:\AI_Projects\FaceRecognicer_BP2\FaceRecognicer_BP\Debug\cl.command.1.tlog
E:\AI_Projects\FaceRecognicer_BP2\FaceRecognicer_BP\Debug\CL.read.1.tlog
E:\AI_Projects\FaceRecognicer_BP2\FaceRecognicer_BP\Debug\CL.write.1.tlog
E:\AI_Projects\FaceRecognicer_BP2\FaceRecognicer_BP\Debug\custombuild.command.1.tlog
E:\AI_Projects\FaceRecognicer_BP2\FaceRecognicer_BP\Debug\custombuild.read.1.tlog
E:\AI_Projects\FaceRecognicer_BP2\FaceRecognicer_BP\Debug\custombuild.write.1.tlog
E:\AI_Projects\FaceRecognicer_BP2\FaceRecognicer_BP\Debug\link-cvtres.read.1.tlog
E:\AI_Projects\FaceRecognicer_BP2\FaceRecognicer_BP\Debug\link-cvtres.write.1.tlog
E:\AI_Projects\FaceRecognicer_BP2\FaceRecognicer_BP\Debug\link-rc.read.1.tlog
E:\AI_Projects\FaceRecognicer_BP2\FaceRecognicer_BP\Debug\link-rc.write.1.tlog
E:\AI_Projects\FaceRecognicer_BP2\FaceRecognicer_BP\Debug\link.command.1.tlog
E:\AI_Projects\FaceRecognicer_BP2\FaceRecognicer_BP\Debug\link.read.1.tlog
E:\AI_Projects\FaceRecognicer_BP2\FaceRecognicer_BP\Debug\link.write.1.tlog
E:\AI_Projects\FaceRecognicer_BP2\FaceRecognicer_BP\Debug\vc110.pdb
E:\AI_Projects\FaceRecognicer_BP2\Win32\Debug\FaceRecognicer_BP.pdb
E:\AI_Projects\FaceRecognicer_BP2\Win32\Debug\FaceRecognicer_BP.exe
E:\AI_Projects\FaceRecognicer_BP2\Win32\Debug\FaceRecognicer_BP.ilk
